<?xml version="1.0" encoding="UTF-8"?>
<!-- Generated by org.testng.reporters.JUnitXMLReporter -->
<testsuite ignored="1" hostname="DESKTOP-9H74IGJ" failures="0" tests="1" name="Test" time="18.967" errors="0" timestamp="2023-01-24T16:35:15 PST">
  <testcase classname="vTiger.Organizations.TestScripts.CreateOrganizationWithChemical" name="createOrganizationwithChemicalTest" time="18.477"/>
  <testcase classname="vTiger.Organizations.TestScripts.CreateNewOrganizationWithIndustryusingPomTest" name="CreateNewOrgwithIndustryTest" time="0.0">
    <ignored/>
  </testcase> <!-- CreateNewOrgwithIndustryTest -->
</testsuite> <!-- Test -->
