<?xml version="1.0" encoding="UTF-8"?>
<testng-results ignored="1" total="2" passed="1" failed="0" skipped="0">
  <reporter-output>
  </reporter-output>
  <suite started-at="2023-01-24T16:34:56 PST" name="Suite" finished-at="2023-01-24T16:35:15 PST" duration-ms="18967">
    <groups>
      <group name="SmokeSuite">
        <method signature="CreateOrganizationWithChemical.createOrganizationwithChemicalTest()[pri:0, instance:vTiger.Organizations.TestScripts.CreateOrganizationWithChemical@4d9e68d0]" name="createOrganizationwithChemicalTest" class="vTiger.Organizations.TestScripts.CreateOrganizationWithChemical"/>
      </group> <!-- SmokeSuite -->
    </groups>
    <test started-at="2023-01-24T16:34:56 PST" name="Test" finished-at="2023-01-24T16:35:15 PST" duration-ms="18967">
      <class name="vTiger.Organizations.TestScripts.CreateNewOrganizationWithIndustryusingPomTest">
        <test-method is-config="true" signature="bsconfig()[pri:0, instance:vTiger.Organizations.TestScripts.CreateNewOrganizationWithIndustryusingPomTest@436813f3]" started-at="2023-01-24T16:34:56 PST" name="bsconfig" finished-at="2023-01-24T16:34:56 PST" duration-ms="13" status="PASS">
          <reporter-output>
          </reporter-output>
        </test-method> <!-- bsconfig -->
        <test-method is-config="true" signature="asconfig()[pri:0, instance:vTiger.Organizations.TestScripts.CreateNewOrganizationWithIndustryusingPomTest@436813f3]" started-at="2023-01-24T16:35:15 PST" name="asconfig" finished-at="2023-01-24T16:35:15 PST" duration-ms="1" status="PASS">
          <reporter-output>
          </reporter-output>
        </test-method> <!-- asconfig -->
      </class> <!-- vTiger.Organizations.TestScripts.CreateNewOrganizationWithIndustryusingPomTest -->
      <class name="vTiger.Organizations.TestScripts.CreateOrganizationWithChemical">
        <test-method signature="createOrganizationwithChemicalTest()[pri:0, instance:vTiger.Organizations.TestScripts.CreateOrganizationWithChemical@4d9e68d0]" started-at="2023-01-24T16:34:56 PST" name="createOrganizationwithChemicalTest" finished-at="2023-01-24T16:35:15 PST" duration-ms="18477" status="PASS">
          <reporter-output>
          </reporter-output>
        </test-method> <!-- createOrganizationwithChemicalTest -->
      </class> <!-- vTiger.Organizations.TestScripts.CreateOrganizationWithChemical -->
    </test> <!-- Test -->
  </suite> <!-- Suite -->
</testng-results>
